0 silly argv {
0 silly argv   _: [ 'run' ],
0 silly argv   lernaVersion: '8.2.3',
0 silly argv   '$0': '/opt/homebrew/bin/lerna',
0 silly argv   script: 'dev'
0 silly argv }
1 notice cli v8.2.3
2 verbose packageConfigs Explicit "packages" configuration found in lerna.json. Resolving packages using the configured glob(s): ["apps/*"]
3 verbose rootPath /Users/rakhmatkenzhebayev/Documents/programming/abai-multi-tenent
4 error MultipleProjectsWithSameNameError: The following projects are defined in multiple locations:
4 error   - frontend:
4 error     - apps/frontend
4 error     - apps/frontend_legacy
4 error
4 error   To fix this, set a unique name for each project in a project.json inside the project's root. If the project does not currently have a project.json, you can create one that contains only a name.
4 error       at validateAndNormalizeProjectRootMap (/Users/rakhmatkenzhebayev/Documents/programming/abai-multi-tenent/node_modules/.pnpm/nx@20.8.2_@swc+core@1.12.14/node_modules/nx/src/project-graph/utils/project-configuration-utils.js:467:15)
4 error       at mergeCreateNodesResults (/Users/rakhmatkenzhebayev/Documents/programming/abai-multi-tenent/node_modules/.pnpm/nx@20.8.2_@swc+core@1.12.14/node_modules/nx/src/project-graph/utils/project-configuration-utils.js:353:9)
4 error       at /Users/rakhmatkenzhebayev/Documents/programming/abai-multi-tenent/node_modules/.pnpm/nx@20.8.2_@swc+core@1.12.14/node_modules/nx/src/project-graph/utils/project-configuration-utils.js:297:85
4 error       at async buildProjectGraphAndSourceMapsWithoutDaemon (/Users/rakhmatkenzhebayev/Documents/programming/abai-multi-tenent/node_modules/.pnpm/nx@20.8.2_@swc+core@1.12.14/node_modules/nx/src/project-graph/project-graph.js:87:31)
4 error       at async createProjectGraphAndSourceMapsAsync (/Users/rakhmatkenzhebayev/Documents/programming/abai-multi-tenent/node_modules/.pnpm/nx@20.8.2_@swc+core@1.12.14/node_modules/nx/src/project-graph/project-graph.js:271:25)
4 error       at async createProjectGraphAsync (/Users/rakhmatkenzhebayev/Documents/programming/abai-multi-tenent/node_modules/.pnpm/nx@20.8.2_@swc+core@1.12.14/node_modules/nx/src/project-graph/project-graph.js:219:39)
4 error       at async detectProjects (/Users/rakhmatkenzhebayev/Documents/programming/abai-multi-tenent/node_modules/.pnpm/lerna@8.2.3_@swc+core@1.12.14_encoding@0.1.13/node_modules/lerna/dist/index.js:3181:25)
